<?xml version="1.0" encoding="UTF-8"?>
<!-- Generated by org.testng.reporters.JUnitReportReporter -->
<testsuite hostname="wmp-2016120030.local" name="com.regression.buy.Main" tests="1" failures="0" timestamp="22 Feb 2017 07:42:55 GMT" time="4832.140" errors="0">
  <testcase name="main" time="4832.140" classname="com.regression.buy.Main"/>
</testsuite> <!-- com.regression.buy.Main -->
