<?xml version="1.0" encoding="UTF-8"?>
<!-- Generated by org.testng.reporters.JUnitReportReporter -->
<testsuite hostname="wmp-2016120030.local" name="com.regression.mypage.Main" tests="1" failures="0" timestamp="22 Feb 2017 07:42:55 GMT" time="366.896" errors="0">
  <testcase name="main" time="366.896" classname="com.regression.mypage.Main"/>
</testsuite> <!-- com.regression.mypage.Main -->
