<?xml version="1.0" encoding="UTF-8"?>
<!-- Generated by org.testng.reporters.JUnitReportReporter -->
<testsuite hostname="wmp-2016120030.local" name="com.regressiontest.appium.TestScript" tests="1" failures="0" timestamp="3 Jan 2017 10:09:32 GMT" time="27.369" errors="0">
  <testcase name="TestScript" time="27.369" classname="com.regressiontest.appium.TestScript"/>
</testsuite> <!-- com.regressiontest.appium.TestScript -->
